<?xml version="1.0" encoding="UTF-8"?>
<!-- Generated by org.testng.reporters.JUnitXMLReporter -->
<testsuite ignored="0" hostname="USBLRAMITK1" failures="0" tests="6" name="Default test" time="24.78" errors="0" timestamp="25 Apr 2023 15:04:02 GMT">
  <testcase classname="testcases.Scenario1" name="launchApplication" time="3.845"/>
  <testcase classname="testcases.Scenario1" name="navigateToCellPhoneAndAccesories" time="3.132"/>
  <testcase classname="testcases.Scenario1" name="clickonCellPhoneAndSmartPhone" time="3.058"/>
  <testcase classname="testcases.Scenario1" name="clickSeeAllUnderShopByBrand" time="0.48"/>
  <testcase classname="testcases.Scenario1" name="apply3Filter" time="8.951"/>
  <testcase classname="testcases.Scenario1" name="verifyFilterTagsApplied" time="5.291"/>
</testsuite> <!-- Default test -->
