<?xml version="1.0" encoding="UTF-8"?>
<!-- Generated by org.testng.reporters.JUnitXMLReporter -->
<testsuite ignored="0" hostname="USBLRAMITK1" failures="0" tests="10" name="Ebay" time="34.103" errors="0" timestamp="25 Apr 2023 15:08:11 GMT">
  <testcase classname="testcases.Scenario1" name="launchApplication" time="4.025"/>
  <testcase classname="testcases.Scenario2" name="launchApplication" time="3.367"/>
  <testcase classname="testcases.Scenario1" name="navigateToCellPhoneAndAccesories" time="3.564"/>
  <testcase classname="testcases.Scenario2" name="typeSearchString" time="1.454"/>
  <testcase classname="testcases.Scenario1" name="clickonCellPhoneAndSmartPhone" time="3.487"/>
  <testcase classname="testcases.Scenario2" name="searchCategoryAndSearch" time="3.684"/>
  <testcase classname="testcases.Scenario1" name="clickSeeAllUnderShopByBrand" time="0.291"/>
  <testcase classname="testcases.Scenario2" name="verifyPageLoadAndSearchString" time="0.326"/>
  <testcase classname="testcases.Scenario1" name="apply3Filter" time="8.605"/>
  <testcase classname="testcases.Scenario1" name="verifyFilterTagsApplied" time="5.273"/>
</testsuite> <!-- Ebay -->
