<?xml version="1.0" encoding="UTF-8"?>
<testng-results ignored="0" total="10" passed="10" failed="0" skipped="0">
  <reporter-output>
  </reporter-output>
  <suite started-at="2023-04-25T15:07:37Z" name="Suite" finished-at="2023-04-25T15:08:11Z" duration-ms="34103">
    <groups>
    </groups>
    <test started-at="2023-04-25T15:07:37Z" name="Ebay" finished-at="2023-04-25T15:08:11Z" duration-ms="34103">
      <class name="testcases.Scenario2">
        <test-method signature="launchApplication()[pri:1, instance:testcases.Scenario2@1ebd319f]" started-at="2023-04-25T15:07:41Z" name="launchApplication" finished-at="2023-04-25T15:07:45Z" duration-ms="3367" status="PASS">
          <reporter-output>
          </reporter-output>
        </test-method> <!-- launchApplication -->
        <test-method signature="typeSearchString()[pri:2, instance:testcases.Scenario2@1ebd319f]" started-at="2023-04-25T15:07:48Z" name="typeSearchString" finished-at="2023-04-25T15:07:50Z" duration-ms="1454" status="PASS">
          <reporter-output>
          </reporter-output>
        </test-method> <!-- typeSearchString -->
        <test-method signature="searchCategoryAndSearch()[pri:3, instance:testcases.Scenario2@1ebd319f]" started-at="2023-04-25T15:07:53Z" name="searchCategoryAndSearch" finished-at="2023-04-25T15:07:57Z" duration-ms="3684" status="PASS">
          <reporter-output>
          </reporter-output>
        </test-method> <!-- searchCategoryAndSearch -->
        <test-method signature="verifyPageLoadAndSearchString()[pri:4, instance:testcases.Scenario2@1ebd319f]" started-at="2023-04-25T15:07:57Z" name="verifyPageLoadAndSearchString" finished-at="2023-04-25T15:07:57Z" duration-ms="326" status="PASS">
          <reporter-output>
          </reporter-output>
        </test-method> <!-- verifyPageLoadAndSearchString -->
      </class> <!-- testcases.Scenario2 -->
      <class name="testcases.Scenario1">
        <test-method is-config="true" signature="beforeMethod()[pri:0, instance:testcases.Scenario1@7b02881e]" started-at="2023-04-25T15:07:32Z" name="beforeMethod" finished-at="2023-04-25T15:07:35Z" duration-ms="2772" status="PASS">
          <reporter-output>
          </reporter-output>
        </test-method> <!-- beforeMethod -->
        <test-method is-config="true" signature="beforeMethod()[pri:0, instance:testcases.Scenario2@1ebd319f]" started-at="2023-04-25T15:07:35Z" name="beforeMethod" finished-at="2023-04-25T15:07:37Z" duration-ms="1957" status="PASS">
          <reporter-output>
          </reporter-output>
        </test-method> <!-- beforeMethod -->
        <test-method signature="launchApplication()[pri:1, instance:testcases.Scenario1@7b02881e]" started-at="2023-04-25T15:07:37Z" name="launchApplication" finished-at="2023-04-25T15:07:41Z" duration-ms="4025" status="PASS">
          <reporter-output>
          </reporter-output>
        </test-method> <!-- launchApplication -->
        <test-method signature="navigateToCellPhoneAndAccesories()[pri:2, instance:testcases.Scenario1@7b02881e]" started-at="2023-04-25T15:07:45Z" name="navigateToCellPhoneAndAccesories" finished-at="2023-04-25T15:07:48Z" duration-ms="3564" status="PASS">
          <reporter-output>
          </reporter-output>
        </test-method> <!-- navigateToCellPhoneAndAccesories -->
        <test-method signature="clickonCellPhoneAndSmartPhone()[pri:3, instance:testcases.Scenario1@7b02881e]" started-at="2023-04-25T15:07:50Z" name="clickonCellPhoneAndSmartPhone" finished-at="2023-04-25T15:07:53Z" duration-ms="3487" status="PASS">
          <reporter-output>
          </reporter-output>
        </test-method> <!-- clickonCellPhoneAndSmartPhone -->
        <test-method signature="clickSeeAllUnderShopByBrand()[pri:4, instance:testcases.Scenario1@7b02881e]" started-at="2023-04-25T15:07:57Z" name="clickSeeAllUnderShopByBrand" finished-at="2023-04-25T15:07:57Z" duration-ms="291" status="PASS">
          <reporter-output>
          </reporter-output>
        </test-method> <!-- clickSeeAllUnderShopByBrand -->
        <test-method signature="apply3Filter()[pri:5, instance:testcases.Scenario1@7b02881e]" started-at="2023-04-25T15:07:57Z" name="apply3Filter" finished-at="2023-04-25T15:08:06Z" duration-ms="8605" status="PASS">
          <reporter-output>
          </reporter-output>
        </test-method> <!-- apply3Filter -->
        <test-method signature="verifyFilterTagsApplied()[pri:6, instance:testcases.Scenario1@7b02881e]" started-at="2023-04-25T15:08:06Z" name="verifyFilterTagsApplied" finished-at="2023-04-25T15:08:11Z" duration-ms="5273" status="PASS">
          <reporter-output>
          </reporter-output>
        </test-method> <!-- verifyFilterTagsApplied -->
        <test-method is-config="true" signature="afterMethod()[pri:0, instance:testcases.Scenario1@7b02881e]" started-at="2023-04-25T15:08:11Z" name="afterMethod" finished-at="2023-04-25T15:08:11Z" duration-ms="131" status="PASS">
          <reporter-output>
          </reporter-output>
        </test-method> <!-- afterMethod -->
        <test-method is-config="true" signature="afterSuite()[pri:0, instance:testcases.Scenario2@1ebd319f]" started-at="2023-04-25T15:08:11Z" name="afterSuite" finished-at="2023-04-25T15:08:12Z" duration-ms="137" status="PASS">
          <reporter-output>
          </reporter-output>
        </test-method> <!-- afterSuite -->
      </class> <!-- testcases.Scenario1 -->
    </test> <!-- Ebay -->
  </suite> <!-- Suite -->
</testng-results>
